<?xml version="1.0" encoding="UTF-8"?>
<testng-results skipped="0" failed="0" ignored="0" total="1" passed="1">
  <reporter-output>
  </reporter-output>
  <suite name="Default suite" duration-ms="8390" started-at="2021-06-28T12:27:24 IST" finished-at="2021-06-28T12:27:33 IST">
    <groups>
    </groups>
    <test name="Default test" duration-ms="8390" started-at="2021-06-28T12:27:24 IST" finished-at="2021-06-28T12:27:33 IST">
      <class name="Assessment_Api.Assessment_Api.TestOne">
        <test-method status="PASS" signature="Testcaseone()[pri:0, instance:Assessment_Api.Assessment_Api.TestOne@45820e51]" name="Testcaseone" duration-ms="8354" started-at="2021-06-28T12:27:24 IST" finished-at="2021-06-28T12:27:33 IST">
          <reporter-output>
          </reporter-output>
        </test-method> <!-- Testcaseone -->
      </class> <!-- Assessment_Api.Assessment_Api.TestOne -->
    </test> <!-- Default test -->
  </suite> <!-- Default suite -->
</testng-results>
